<?xml version="1.0" encoding="UTF-8"?>
<!-- Generated by org.testng.reporters.JUnitXMLReporter -->
<testsuite hostname="MADANKA02" name="Test" tests="1" failures="1" timestamp="2 Jun 2018 11:31:18 GMT" time="4.85" errors="0">
  <testcase name="f" time="0.118" classname="com.kvm.sel.NewTest">
    <failure type="java.lang.AssertionError">
      <![CDATA[java.lang.AssertionError: 
	at com.kvm.sel.NewTest.f(NewTest.java:21)
... Removed 27 stack frames]]>
    </failure>
  </testcase> <!-- f -->
</testsuite> <!-- Test -->
